<?xml version="1.0" encoding="UTF-8"?>
<!-- Generated by org.testng.reporters.JUnitReportReporter -->
<testsuite skipped="0" hostname="DESKTOP-O5SIUU5" name="jmeter.kin_jmeter" tests="1" failures="0" timestamp="12 Dec 2017 10:33:10 GMT" time="31.356" errors="0">
  <testcase name="Setup" time="31.356" classname="jmeter.kin_jmeter"/>
</testsuite> <!-- jmeter.kin_jmeter -->
