<?xml version="1.0" encoding="UTF-8"?>
<!-- Generated by org.testng.reporters.JUnitReportReporter -->
<testsuite skipped="0" hostname="DESKTOP-O5SIUU5" name="apiTest.jacksonApiTest" tests="1" failures="0" timestamp="01 Dec 2017 11:34:33 GMT" time="0.205" errors="0">
  <testcase name="testAPIAtrributes" time="0.205" classname="apiTest.jacksonApiTest"/>
</testsuite> <!-- apiTest.jacksonApiTest -->
